<?xml version="1.0" encoding="UTF-8"?>
<!-- Generated by org.testng.reporters.JUnitReportReporter -->
<testsuite hostname="DESKTOP-05O9OSJ" failures="0" tests="3" name="testngnew.AnnotationStudy" time="0.022" errors="0" timestamp="2022-04-04T11:20:20 IST" skipped="0">
  <testcase classname="testngnew.AnnotationStudy" name="Method1" time="0.007"/>
  <system-out>
    <![CDATA[Test case is started
Method 1  is running]]>
  </system-out>
  <testcase classname="testngnew.AnnotationStudy" name="Method1" time="0.008"/>
  <system-out>
    <![CDATA[Test case is started
Method 1  is running]]>
  </system-out>
  <testcase classname="testngnew.AnnotationStudy" name="Method1" time="0.007"/>
  <system-out>
    <![CDATA[Test case is started
Method 1  is running]]>
  </system-out>
</testsuite> <!-- testngnew.AnnotationStudy -->
