<?xml version="1.0" encoding="UTF-8"?>
<!-- Generated by org.testng.reporters.JUnitReportReporter -->
<testsuite hostname="DESKTOP-05O9OSJ" failures="0" tests="1" name="suitelevellistener.Testloginlogout" time="31.101" errors="0" timestamp="2022-04-04T15:53:25 IST" skipped="0">
  <testcase classname="suitelevellistener.Testloginlogout" name="ValidateID" time="31.101"/>
  <system-out/>
</testsuite> <!-- suitelevellistener.Testloginlogout -->
