<?xml version="1.0" encoding="UTF-8"?>
<!-- Generated by org.testng.reporters.JUnitReportReporter -->
<testsuite hostname="DESKTOP-05O9OSJ" failures="0" tests="7" name="testNGkeywords.InvocationCountStudy" time="0.110" errors="0" timestamp="2022-04-04T11:20:20 IST" skipped="0">
  <testcase classname="testNGkeywords.InvocationCountStudy" name="f2" time="0.016"/>
  <system-out>
    <![CDATA[Test case is started
2 is Running]]>
  </system-out>
  <testcase classname="testNGkeywords.InvocationCountStudy" name="f2" time="0.010"/>
  <system-out>
    <![CDATA[Test case is started
2 is Running]]>
  </system-out>
  <testcase classname="testNGkeywords.InvocationCountStudy" name="f2" time="0.008"/>
  <system-out>
    <![CDATA[Test case is started
2 is Running]]>
  </system-out>
  <testcase classname="testNGkeywords.InvocationCountStudy" name="f" time="0.042"/>
  <system-out>
    <![CDATA[Test case is started
1 is Running]]>
  </system-out>
  <testcase classname="testNGkeywords.InvocationCountStudy" name="f2" time="0.018"/>
  <system-out>
    <![CDATA[Test case is started
2 is Running]]>
  </system-out>
  <testcase classname="testNGkeywords.InvocationCountStudy" name="f2" time="0.009"/>
  <system-out>
    <![CDATA[Test case is started
2 is Running]]>
  </system-out>
  <testcase classname="testNGkeywords.InvocationCountStudy" name="f3" time="0.007"/>
  <system-out>
    <![CDATA[Test case is started
3 is Running]]>
  </system-out>
</testsuite> <!-- testNGkeywords.InvocationCountStudy -->
