<?xml version="1.0" encoding="UTF-8"?>
<!-- Generated by org.testng.reporters.JUnitReportReporter -->
<testsuite hostname="DESKTOP-05O9OSJ" failures="0" tests="5" name="testngnew.TestSuiteStudy" time="0.022" errors="0" timestamp="2022-03-22T18:46:17 IST" skipped="0">
  <testcase classname="testngnew.TestSuiteStudy" name="Method2" time="0.008"/>
  <system-out>
    <![CDATA[ Method 2  is running]]>
  </system-out>
  <testcase classname="testngnew.TestSuiteStudy" name="Method3" time="0.003"/>
  <system-out>
    <![CDATA[Method 3  is running]]>
  </system-out>
  <testcase classname="testngnew.TestSuiteStudy" name="Method1" time="0.001"/>
  <system-out>
    <![CDATA[Method 1  is running]]>
  </system-out>
  <testcase classname="testngnew.TestSuiteStudy" name="Method4" time="0.006"/>
  <system-out>
    <![CDATA[Method 4  is running]]>
  </system-out>
  <testcase classname="testngnew.TestSuiteStudy" name="Method5" time="0.004"/>
  <system-out>
    <![CDATA[Method 5  is running]]>
  </system-out>
</testsuite> <!-- testngnew.TestSuiteStudy -->
