<?xml version="1.0" encoding="UTF-8"?>
<!-- Generated by org.testng.reporters.JUnitReportReporter -->
<testsuite hostname="DESKTOP-05O9OSJ" failures="0" tests="1" name="pomclassforKITETest.KiteTesting" time="11.010" errors="0" timestamp="2022-03-30T23:51:33 IST" skipped="0">
  <testcase classname="pomclassforKITETest.KiteTesting" name="ValidateuserID" time="11.010"/>
  <system-out>
    <![CDATA[Validating USERID]]>
  </system-out>
</testsuite> <!-- pomclassforKITETest.KiteTesting -->
