<?xml version="1.0" encoding="UTF-8"?>
<!-- Generated by org.testng.reporters.JUnitReportReporter -->
<testsuite hostname="DESKTOP-05O9OSJ" failures="0" tests="3" name="testNGkeywords.DependsOnKeyword" time="0.009" errors="0" timestamp="2022-03-22T18:46:17 IST" skipped="0">
  <testcase classname="testNGkeywords.DependsOnKeyword" name="Logout" time="0.002"/>
  <system-out>
    <![CDATA[Logout success]]>
  </system-out>
  <testcase classname="testNGkeywords.DependsOnKeyword" name="Login" time="0.002"/>
  <system-out>
    <![CDATA[Login sucess]]>
  </system-out>
  <testcase classname="testNGkeywords.DependsOnKeyword" name="VerifyPin" time="0.005"/>
  <system-out>
    <![CDATA[Pin Verified]]>
  </system-out>
</testsuite> <!-- testNGkeywords.DependsOnKeyword -->
