<?xml version="1.0" encoding="UTF-8"?>
<!-- Generated by org.testng.reporters.JUnitReportReporter -->
<testsuite hostname="DESKTOP-05O9OSJ" failures="0" tests="4" name="testNGkeywords.InvocationCount" time="0.030" errors="0" timestamp="2022-03-22T18:46:17 IST" skipped="0">
  <testcase classname="testNGkeywords.InvocationCount" name="pass" time="0.006"/>
  <system-out>
    <![CDATA[Type valid pass]]>
  </system-out>
  <testcase classname="testNGkeywords.InvocationCount" name="pass" time="0.005"/>
  <system-out>
    <![CDATA[Type valid pass]]>
  </system-out>
  <testcase classname="testNGkeywords.InvocationCount" name="pass" time="0.008"/>
  <system-out>
    <![CDATA[Type valid pass]]>
  </system-out>
  <testcase classname="testNGkeywords.InvocationCount" name="pass" time="0.011"/>
  <system-out>
    <![CDATA[Type valid pass]]>
  </system-out>
</testsuite> <!-- testNGkeywords.InvocationCount -->
