<?xml version="1.0" encoding="UTF-8"?>
<!-- Generated by org.testng.reporters.JUnitReportReporter -->
<testsuite hostname="DESKTOP-05O9OSJ" failures="0" tests="1" name="serialandparallelExecution.Google" time="18.358" errors="0" timestamp="2022-03-26T11:39:00 IST" skipped="0">
  <testcase classname="serialandparallelExecution.Google" name="google" time="18.358"/>
  <system-out>
    <![CDATA[Googlechrome is launching]]>
  </system-out>
</testsuite> <!-- serialandparallelExecution.Google -->
