<?xml version="1.0" encoding="UTF-8"?>
<!-- Generated by org.testng.reporters.JUnitReportReporter -->
<testsuite hostname="DESKTOP-05O9OSJ" failures="0" tests="2" name="testngnew.Sampletestng" time="0.015" errors="0" timestamp="2022-03-22T18:46:17 IST" skipped="0">
  <testcase classname="testngnew.Sampletestng" name="test2" time="0.011"/>
  <system-out/>
  <testcase classname="testngnew.Sampletestng" name="demo" time="0.004"/>
  <system-out>
    <![CDATA[plasse check spelling]]>
  </system-out>
</testsuite> <!-- testngnew.Sampletestng -->
