<?xml version="1.0" encoding="UTF-8"?>
<!-- Generated by org.testng.reporters.JUnitReportReporter -->
<testsuite hostname="DESKTOP-05O9OSJ" failures="0" tests="4" name="testNGkeywords.PriorityKeyword" time="0.028" errors="0" timestamp="2022-04-04T11:20:20 IST" skipped="0">
  <testcase classname="testNGkeywords.PriorityKeyword" name="C" time="0.005"/>
  <system-out>
    <![CDATA[Test case is started
C is running]]>
  </system-out>
  <testcase classname="testNGkeywords.PriorityKeyword" name="B" time="0.005"/>
  <system-out>
    <![CDATA[Test case is started
B is running]]>
  </system-out>
  <testcase classname="testNGkeywords.PriorityKeyword" name="A" time="0.008"/>
  <system-out>
    <![CDATA[Test case is started
A is running]]>
  </system-out>
  <testcase classname="testNGkeywords.PriorityKeyword" name="A" time="0.010"/>
  <system-out>
    <![CDATA[Test case is started
A is running]]>
  </system-out>
</testsuite> <!-- testNGkeywords.PriorityKeyword -->
