<?xml version="1.0" encoding="UTF-8"?>
<!-- Generated by org.testng.reporters.JUnitReportReporter -->
<testsuite hostname="DESKTOP-05O9OSJ" failures="0" tests="3" name="testngnew.Kitecheck" time="0.046" errors="0" timestamp="2022-04-04T11:20:20 IST" skipped="0">
  <testcase classname="testngnew.Kitecheck" name="validateUserID" time="0.008"/>
  <system-out>
    <![CDATA[Test case is started]]>
  </system-out>
  <testcase classname="testngnew.Kitecheck" name="validateUserID" time="0.022"/>
  <system-out>
    <![CDATA[Test case is started]]>
  </system-out>
  <testcase classname="testngnew.Kitecheck" name="validateUserID" time="0.016"/>
  <system-out>
    <![CDATA[Test case is started]]>
  </system-out>
</testsuite> <!-- testngnew.Kitecheck -->
