<?xml version="1.0" encoding="UTF-8"?>
<!-- Generated by org.testng.reporters.JUnitReportReporter -->
<testsuite hostname="DESKTOP-05O9OSJ" failures="0" tests="3" name="testngnew.MultipleBrowser" time="126.482" errors="0" timestamp="2022-03-22T18:46:17 IST" skipped="0">
  <testcase classname="testngnew.MultipleBrowser" name="method0" time="31.992"/>
  <system-out/>
  <testcase classname="testngnew.MultipleBrowser" name="Method1" time="67.009"/>
  <system-out/>
  <testcase classname="testngnew.MultipleBrowser" name="method2" time="27.481"/>
  <system-out>
    <![CDATA[method2 is running]]>
  </system-out>
</testsuite> <!-- testngnew.MultipleBrowser -->
