<?xml version="1.0" encoding="UTF-8"?>
<!-- Generated by org.testng.reporters.JUnitReportReporter -->
<testsuite hostname="DESKTOP-05O9OSJ" failures="0" tests="1" name="testngnew.Kitecheck$KiteSample" time="0.022" errors="0" timestamp="2022-03-18T22:45:22 IST" skipped="0">
  <testcase classname="testngnew.Kitecheck$KiteSample" name="validateUserID" time="0.022"/>
  <system-out/>
</testsuite> <!-- testngnew.Kitecheck$KiteSample -->
