<?xml version="1.0" encoding="UTF-8"?>
<!-- Generated by org.testng.reporters.JUnitReportReporter -->
<testsuite hostname="DESKTOP-05O9OSJ" failures="0" tests="3" name="testngnew.Sample2" time="0.025" errors="0" timestamp="2022-03-22T18:46:17 IST" skipped="0">
  <testcase classname="testngnew.Sample2" name="demo2" time="0.001"/>
  <system-out>
    <![CDATA[HI Good Mornong open Seleniium]]>
  </system-out>
  <testcase classname="testngnew.Sample2" name="demo3" time="0.022"/>
  <system-out>
    <![CDATA[click ]]>
  </system-out>
  <testcase classname="testngnew.Sample2" name="demo4" time="0.002"/>
  <system-out>
    <![CDATA[opn ]]>
  </system-out>
</testsuite> <!-- testngnew.Sample2 -->
