<?xml version="1.0" encoding="UTF-8"?>
<!-- Generated by org.testng.reporters.JUnitReportReporter -->
<testsuite hostname="DESKTOP-05O9OSJ" failures="0" tests="1" name="serialandparallelExecution.Downloads" time="30.904" errors="0" timestamp="2022-03-26T11:39:00 IST" skipped="0">
  <testcase classname="serialandparallelExecution.Downloads" name="Download" time="30.904"/>
  <system-out>
    <![CDATA[Download is opeing]]>
  </system-out>
</testsuite> <!-- serialandparallelExecution.Downloads -->
